<?xml version="1.0" encoding="UTF-8"?>
<testsuite xmlns:xsi="http://www.w3.org/2001/XMLSchema-instance" xsi:noNamespaceSchemaLocation="https://maven.apache.org/surefire/maven-surefire-plugin/xsd/surefire-test-report-3.0.xsd" version="3.0" name="tech.chillo.avis.AvisUtilisateursApplicationTests" time="3.353" tests="2" errors="0" skipped="0" failures="0">
  <properties>
[...]
</properties>
  <testcase name="shouldReturnListOfCustomers" classname="tech.chillo.avis.AvisUtilisateursApplicationTests" time="0.316">
    <system-out><![CDATA[10:00:23.385 [main] INFO org.springframework.test.context.support.AnnotationConfigContextLoaderUtils -- Could not detect default configuration classes for test class [tech.chillo.avis.AvisUtilisateursApplicationTests]: AvisUtilisateursApplicationTests does not declare any static, non-private, non-final, nested classes annotated with @Configuration.
10:00:23.445 [main] INFO org.springframework.boot.test.context.SpringBootTestContextBootstrapper -- Found @SpringBootConfiguration tech.chillo.avis.AvisUtilisateursApplication for test class tech.chillo.avis.AvisUtilisateursApplicationTests
10:00:23.490 [main] INFO org.testcontainers.images.PullPolicy -- Image pull policy will be performed by: DefaultPullPolicy()
10:00:23.491 [main] INFO org.testcontainers.utility.ImageNameSubstitutor -- Image name substitution will be performed by: DefaultImageNameSubstitutor (composite of 'ConfigurationFileImageNameSubstitutor' and 'PrefixingImageNameSubstitutor')
10:00:23.577 [main] INFO org.testcontainers.dockerclient.DockerClientProviderStrategy -- Loaded org.testcontainers.dockerclient.UnixSocketClientProviderStrategy from ~/.testcontainers.properties, will try it first
10:00:23.667 [main] INFO org.testcontainers.dockerclient.DockerClientProviderStrategy -- Found Docker environment with local Unix socket (unix:///var/run/docker.sock)
10:00:23.668 [main] INFO org.testcontainers.DockerClientFactory -- Docker host IP address is localhost
10:00:23.678 [main] INFO org.testcontainers.DockerClientFactory -- Connected to docker: 
  Server Version: 26.1.4
  API Version: 1.45
  Operating System: Docker Desktop
  Total Memory: 7840 MB
10:00:23.690 [main] INFO tc.testcontainers/ryuk:0.7.0 -- Creating container for image: testcontainers/ryuk:0.7.0
10:00:23.732 [main] INFO org.testcontainers.utility.RegistryAuthLocator -- Credential helper/store (docker-credential-desktop) does not have credentials for https://index.docker.io/v1/
10:00:23.783 [main] INFO tc.testcontainers/ryuk:0.7.0 -- Container testcontainers/ryuk:0.7.0 is starting: a6217cda0931f3ba991d812e00ae1252bfbf06fa1665ead2f49e41875d724da0
10:00:23.923 [main] INFO tc.testcontainers/ryuk:0.7.0 -- Container testcontainers/ryuk:0.7.0 started in PT0.233353S
10:00:23.926 [main] INFO org.testcontainers.utility.RyukResourceReaper -- Ryuk started - will monitor and terminate Testcontainers containers on JVM exit
10:00:23.926 [main] INFO org.testcontainers.DockerClientFactory -- Checking the system...
10:00:23.926 [main] INFO org.testcontainers.DockerClientFactory -- ✔︎ Docker server version should be at least 1.6.0
10:00:23.926 [main] INFO tc.postgres:16.0-bullseye -- Creating container for image: postgres:16.0-bullseye
10:00:23.939 [main] INFO tc.postgres:16.0-bullseye -- Container postgres:16.0-bullseye is starting: 589687bb5a4062ae5cd8a01c2ccd5bb5fd64dba595776ab28f15e3b6d0c94a1f
10:00:24.567 [main] INFO tc.postgres:16.0-bullseye -- Container postgres:16.0-bullseye started in PT0.640434S
10:00:24.568 [main] INFO tc.postgres:16.0-bullseye -- Container is started (JDBC URL: jdbc:postgresql://localhost:60749/test?loggerLevel=OFF)
10:00:24.605 [main] INFO org.springframework.boot.devtools.restart.RestartApplicationListener -- Restart disabled due to context in which it is running

  .   ____          _            __ _ _
 /\\ / ___'_ __ _ _(_)_ __  __ _ \ \ \ \
( ( )\___ | '_ | '_| | '_ \/ _` | \ \ \ \
 \\/  ___)| |_)| | | | | || (_| |  ) ) ) )
  '  |____| .__|_| |_|_| |_\__, | / / / /
 =========|_|==============|___/=/_/_/_/

 :: Spring Boot ::                (v3.3.2)

2024-08-17T10:00:24.703+02:00  INFO 7432 --- [avis-utilisateurs] [           main] t.c.a.AvisUtilisateursApplicationTests   : Starting AvisUtilisateursApplicationTests using Java 17.0.11 with PID 7432 (started by achille in /Users/achille/trainings/webinars/avis/10082024/avis-utilisateurs)
2024-08-17T10:00:24.704+02:00  INFO 7432 --- [avis-utilisateurs] [           main] t.c.a.AvisUtilisateursApplicationTests   : No active profile set, falling back to 1 default profile: "default"
2024-08-17T10:00:24.910+02:00  INFO 7432 --- [avis-utilisateurs] [           main] .s.d.r.c.RepositoryConfigurationDelegate : Bootstrapping Spring Data JPA repositories in DEFAULT mode.
2024-08-17T10:00:24.928+02:00  INFO 7432 --- [avis-utilisateurs] [           main] .s.d.r.c.RepositoryConfigurationDelegate : Finished Spring Data repository scanning in 15 ms. Found 2 JPA repository interfaces.
2024-08-17T10:00:25.126+02:00  INFO 7432 --- [avis-utilisateurs] [           main] o.s.b.w.embedded.tomcat.TomcatWebServer  : Tomcat initialized with port 0 (http)
2024-08-17T10:00:25.130+02:00  INFO 7432 --- [avis-utilisateurs] [           main] o.apache.catalina.core.StandardService   : Starting service [Tomcat]
2024-08-17T10:00:25.130+02:00  INFO 7432 --- [avis-utilisateurs] [           main] o.apache.catalina.core.StandardEngine    : Starting Servlet engine: [Apache Tomcat/10.1.26]
2024-08-17T10:00:25.149+02:00  INFO 7432 --- [avis-utilisateurs] [           main] o.a.c.c.C.[Tomcat].[localhost].[/]       : Initializing Spring embedded WebApplicationContext
2024-08-17T10:00:25.149+02:00  INFO 7432 --- [avis-utilisateurs] [           main] w.s.c.ServletWebServerApplicationContext : Root WebApplicationContext: initialization completed in 436 ms
2024-08-17T10:00:25.232+02:00  INFO 7432 --- [avis-utilisateurs] [           main] com.zaxxer.hikari.HikariDataSource       : HikariPool-1 - Starting...
2024-08-17T10:00:25.317+02:00  INFO 7432 --- [avis-utilisateurs] [           main] com.zaxxer.hikari.pool.HikariPool        : HikariPool-1 - Added connection org.postgresql.jdbc.PgConnection@2375a976
2024-08-17T10:00:25.320+02:00  INFO 7432 --- [avis-utilisateurs] [           main] com.zaxxer.hikari.HikariDataSource       : HikariPool-1 - Start completed.
2024-08-17T10:00:25.334+02:00  INFO 7432 --- [avis-utilisateurs] [           main] org.flywaydb.core.FlywayExecutor         : Database: jdbc:postgresql://localhost:60749/test (PostgreSQL 16.0)
2024-08-17T10:00:25.354+02:00  INFO 7432 --- [avis-utilisateurs] [           main] o.f.c.i.s.JdbcTableSchemaHistory         : Schema history table "public"."flyway_schema_history" does not exist yet
2024-08-17T10:00:25.355+02:00  INFO 7432 --- [avis-utilisateurs] [           main] o.f.core.internal.command.DbValidate     : Successfully validated 2 migrations (execution time 00:00.007s)
2024-08-17T10:00:25.367+02:00  INFO 7432 --- [avis-utilisateurs] [           main] o.f.c.i.s.JdbcTableSchemaHistory         : Creating Schema History table "public"."flyway_schema_history" ...
2024-08-17T10:00:25.413+02:00  INFO 7432 --- [avis-utilisateurs] [           main] o.f.core.internal.command.DbMigrate      : Current version of schema "public": << Empty Schema >>
2024-08-17T10:00:25.417+02:00  INFO 7432 --- [avis-utilisateurs] [           main] o.f.core.internal.command.DbMigrate      : Migrating schema "public" to version "1 - create-tables"
2024-08-17T10:00:25.441+02:00  INFO 7432 --- [avis-utilisateurs] [           main] o.f.core.internal.command.DbMigrate      : Migrating schema "public" to version "2 - insert data"
2024-08-17T10:00:25.453+02:00  INFO 7432 --- [avis-utilisateurs] [           main] o.f.core.internal.command.DbMigrate      : Successfully applied 2 migrations to schema "public", now at version v2 (execution time 00:00.016s)
2024-08-17T10:00:25.488+02:00  INFO 7432 --- [avis-utilisateurs] [           main] o.hibernate.jpa.internal.util.LogHelper  : HHH000204: Processing PersistenceUnitInfo [name: default]
2024-08-17T10:00:25.504+02:00  INFO 7432 --- [avis-utilisateurs] [           main] org.hibernate.Version                    : HHH000412: Hibernate ORM core version 6.5.2.Final
2024-08-17T10:00:25.515+02:00  INFO 7432 --- [avis-utilisateurs] [           main] o.h.c.internal.RegionFactoryInitiator    : HHH000026: Second-level cache disabled
2024-08-17T10:00:25.611+02:00  INFO 7432 --- [avis-utilisateurs] [           main] o.s.o.j.p.SpringPersistenceUnitInfo      : No LoadTimeWeaver setup: ignoring JPA class transformer
2024-08-17T10:00:25.930+02:00  INFO 7432 --- [avis-utilisateurs] [           main] o.h.e.t.j.p.i.JtaPlatformInitiator       : HHH000489: No JTA platform available (set 'hibernate.transaction.jta.platform' to enable JTA platform integration)
2024-08-17T10:00:25.953+02:00  INFO 7432 --- [avis-utilisateurs] [           main] j.LocalContainerEntityManagerFactoryBean : Initialized JPA EntityManagerFactory for persistence unit 'default'
2024-08-17T10:00:26.039+02:00  WARN 7432 --- [avis-utilisateurs] [           main] JpaBaseConfiguration$JpaWebConfiguration : spring.jpa.open-in-view is enabled by default. Therefore, database queries may be performed during view rendering. Explicitly configure spring.jpa.open-in-view to disable this warning
2024-08-17T10:00:26.172+02:00  INFO 7432 --- [avis-utilisateurs] [           main] o.a.c.c.C.[Tomcat].[localhost].[/]       : Initializing Spring TestDispatcherServlet ''
2024-08-17T10:00:26.172+02:00  INFO 7432 --- [avis-utilisateurs] [           main] o.s.t.web.servlet.TestDispatcherServlet  : Initializing Servlet ''
2024-08-17T10:00:26.172+02:00  INFO 7432 --- [avis-utilisateurs] [           main] o.s.t.web.servlet.TestDispatcherServlet  : Completed initialization in 0 ms
2024-08-17T10:00:26.189+02:00  INFO 7432 --- [avis-utilisateurs] [           main] o.s.b.w.embedded.tomcat.TomcatWebServer  : Tomcat started on port 60760 (http) with context path '/'
2024-08-17T10:00:26.194+02:00  INFO 7432 --- [avis-utilisateurs] [           main] t.c.a.AvisUtilisateursApplicationTests   : Started AvisUtilisateursApplicationTests in 1.593 seconds (process running for 3.065)

MockHttpServletRequest:
      HTTP Method = GET
      Request URI = /avis
       Parameters = {}
          Headers = []
             Body = null
    Session Attrs = {}

Handler:
             Type = tech.chillo.avis.AvisController
           Method = tech.chillo.avis.AvisController#search()

Async:
    Async started = false
     Async result = null

Resolved Exception:
             Type = null

ModelAndView:
        View name = null
             View = null
            Model = null

FlashMap:
       Attributes = null

MockHttpServletResponse:
           Status = 200
    Error message = null
          Headers = [Content-Type:"application/json"]
     Content type = application/json
             Body = [{"message":"Comprendre SPRING","nom":"Achille"},{"message":"Bien débuter","nom":"MBOUGUENG"}]
    Forwarded URL = null
   Redirected URL = null
          Cookies = []
]]></system-out>
  </testcase>
  <testcase name="createAvis" classname="tech.chillo.avis.AvisUtilisateursApplicationTests" time="0.03"/>
</testsuite>